# JRE version: Java(TM) SE Runtime Environment (8.0_131-b11) (build 1.8.0_131-b11)
# Java VM: Java HotSpot(TM) 64-Bit Server VM (25.131-b11 mixed mode linux-amd64 compressed oops)
Heap:
 PSYoungGen      total 154112K, used 101987K [0x00000000e1100000, 0x00000000ee780000, 0x0000000100000000)
  eden space 142848K, 64% used [0x00000000e1100000,0x00000000e6b67170,0x00000000e9c80000)
  from space 11264K, 83% used [0x00000000e9c80000,0x00000000ea5b1ac0,0x00000000ea780000)
  to   space 12288K, 0% used [0x00000000edb80000,0x00000000edb80000,0x00000000ee780000)
 ParOldGen       total 432640K, used 417771K [0x00000000a3200000, 0x00000000bd880000, 0x00000000e1100000)
  object space 432640K, 96% used [0x00000000a3200000,0x00000000bc9fac30,0x00000000bd880000)
 Metaspace       used 33300K, capacity 34930K, committed 35200K, reserved 1079296K
  class space    used 4399K, capacity 4695K, committed 4736K, reserved 1048576K
GC Heap History (10 events):
Event: 5.840 GC heap before
{Heap before GC invocations=6 (full 0):
 PSYoungGen      total 52736K, used 16878K [0x00000000e1100000, 0x00000000e8100000, 0x0000000100000000)
  eden space 49152K, 27% used [0x00000000e1100000,0x00000000e1dfb8d8,0x00000000e4100000)
  from space 3584K, 100% used [0x00000000e4100000,0x00000000e4480000,0x00000000e4480000)
  to   space 8192K, 0% used [0x00000000e7900000,0x00000000e7900000,0x00000000e8100000)
 ParOldGen       total 64512K, used 7273K [0x00000000a3200000, 0x00000000a7100000, 0x00000000e1100000)
  object space 64512K, 11% used [0x00000000a3200000,0x00000000a391a500,0x00000000a7100000)
 Metaspace       used 20654K, capacity 21202K, committed 21248K, reserved 1067008K
  class space    used 2648K, capacity 2803K, committed 2816K, reserved 1048576K
Event: 5.855 GC heap after
Heap after GC invocations=6 (full 0):
 PSYoungGen      total 105472K, used 5114K [0x00000000e1100000, 0x00000000e8000000, 0x0000000100000000)
  eden space 98304K, 0% used [0x00000000e1100000,0x00000000e1100000,0x00000000e7100000)
  from space 7168K, 71% used [0x00000000e7900000,0x00000000e7dfe8f0,0x00000000e8000000)
  to   space 7680K, 0% used [0x00000000e7100000,0x00000000e7100000,0x00000000e7880000)
 ParOldGen       total 64512K, used 7281K [0x00000000a3200000, 0x00000000a7100000, 0x00000000e1100000)
  object space 64512K, 11% used [0x00000000a3200000,0x00000000a391c500,0x00000000a7100000)
 Metaspace       used 20654K, capacity 21202K, committed 21248K, reserved 1067008K
  class space    used 2648K, capacity 2803K, committed 2816K, reserved 1048576K
}
Event: 5.855 GC heap before
{Heap before GC invocations=7 (full 1):
 PSYoungGen      total 105472K, used 5114K [0x00000000e1100000, 0x00000000e8000000, 0x0000000100000000)
  eden space 98304K, 0% used [0x00000000e1100000,0x00000000e1100000,0x00000000e7100000)
  from space 7168K, 71% used [0x00000000e7900000,0x00000000e7dfe8f0,0x00000000e8000000)
  to   space 7680K, 0% used [0x00000000e7100000,0x00000000e7100000,0x00000000e7880000)
 ParOldGen       total 64512K, used 7281K [0x00000000a3200000, 0x00000000a7100000, 0x00000000e1100000)
  object space 64512K, 11% used [0x00000000a3200000,0x00000000a391c500,0x00000000a7100000)
 Metaspace       used 20654K, capacity 21202K, committed 21248K, reserved 1067008K
  class space    used 2648K, capacity 2803K, committed 2816K, reserved 1048576K
Event: 6.007 GC heap after
Heap after GC invocations=7 (full 1):
 PSYoungGen      total 105472K, used 0K [0x00000000e1100000, 0x00000000e8000000, 0x0000000100000000)
  eden space 98304K, 0% used [0x00000000e1100000,0x00000000e1100000,0x00000000e7100000)
  from space 7168K, 0% used [0x00000000e7900000,0x00000000e7900000,0x00000000e8000000)
  to   space 7680K, 0% used [0x00000000e7100000,0x00000000e7100000,0x00000000e7880000)
 ParOldGen       total 46592K, used 5890K [0x00000000a3200000, 0x00000000a5f80000, 0x00000000e1100000)
  object space 46592K, 12% used [0x00000000a3200000,0x00000000a37c0b20,0x00000000a5f80000)
 Metaspace       used 20654K, capacity 21202K, committed 21248K, reserved 1067008K
  class space    used 2648K, capacity 2803K, committed 2816K, reserved 1048576K
}
Event: 11.157 GC heap before
{Heap before GC invocations=8 (full 1):
 PSYoungGen      total 105472K, used 98304K [0x00000000e1100000, 0x00000000e8000000, 0x0000000100000000)
  eden space 98304K, 100% used [0x00000000e1100000,0x00000000e7100000,0x00000000e7100000)
  from space 7168K, 0% used [0x00000000e7900000,0x00000000e7900000,0x00000000e8000000)
  to   space 7680K, 0% used [0x00000000e7100000,0x00000000e7100000,0x00000000e7880000)
 ParOldGen       total 46592K, used 5890K [0x00000000a3200000, 0x00000000a5f80000, 0x00000000e1100000)
  object space 46592K, 12% used [0x00000000a3200000,0x00000000a37c0b20,0x00000000a5f80000)
 Metaspace       used 28060K, capacity 29038K, committed 29312K, reserved 1075200K
  class space    used 3609K, capacity 3841K, committed 3968K, reserved 1048576K
Event: 11.205 GC heap after
Heap after GC invocations=8 (full 1):
 PSYoungGen      total 105984K, used 7666K [0x00000000e1100000, 0x00000000eb280000, 0x0000000100000000)
  eden space 98304K, 0% used [0x00000000e1100000,0x00000000e1100000,0x00000000e7100000)
  from space 7680K, 99% used [0x00000000e7100000,0x00000000e787c850,0x00000000e7880000)
  to   space 9728K, 0% used [0x00000000ea900000,0x00000000ea900000,0x00000000eb280000)
 ParOldGen       total 46592K, used 7797K [0x00000000a3200000, 0x00000000a5f80000, 0x00000000e1100000)
  object space 46592K, 16% used [0x00000000a3200000,0x00000000a399d6c8,0x00000000a5f80000)
 Metaspace       used 28060K, capacity 29038K, committed 29312K, reserved 1075200K
  class space    used 3609K, capacity 3841K, committed 3968K, reserved 1048576K
}
Event: 15.864 GC heap before
{Heap before GC invocations=9 (full 1):
 PSYoungGen      total 105984K, used 105970K [0x00000000e1100000, 0x00000000eb280000, 0x0000000100000000)
  eden space 98304K, 100% used [0x00000000e1100000,0x00000000e7100000,0x00000000e7100000)
  from space 7680K, 99% used [0x00000000e7100000,0x00000000e787c850,0x00000000e7880000)
  to   space 9728K, 0% used [0x00000000ea900000,0x00000000ea900000,0x00000000eb280000)
 ParOldGen       total 46592K, used 7797K [0x00000000a3200000, 0x00000000a5f80000, 0x00000000e1100000)
  object space 46592K, 16% used [0x00000000a3200000,0x00000000a399d6c8,0x00000000a5f80000)
 Metaspace       used 30901K, capacity 32318K, committed 32512K, reserved 1077248K
  class space    used 3986K, capacity 4241K, committed 4352K, reserved 1048576K
Event: 15.924 GC heap after
Heap after GC invocations=9 (full 1):
 PSYoungGen      total 152576K, used 9698K [0x00000000e1100000, 0x00000000eb280000, 0x0000000100000000)
  eden space 142848K, 0% used [0x00000000e1100000,0x00000000e1100000,0x00000000e9c80000)
  from space 9728K, 99% used [0x00000000ea900000,0x00000000eb278b70,0x00000000eb280000)
  to   space 11264K, 0% used [0x00000000e9c80000,0x00000000e9c80000,0x00000000ea780000)
 ParOldGen       total 46592K, used 8387K [0x00000000a3200000, 0x00000000a5f80000, 0x00000000e1100000)
  object space 46592K, 18% used [0x00000000a3200000,0x00000000a3a30e78,0x00000000a5f80000)
 Metaspace       used 30901K, capacity 32318K, committed 32512K, reserved 1077248K
  class space    used 3986K, capacity 4241K, committed 4352K, reserved 1048576K
}
Event: 18.152 GC heap before
{Heap before GC invocations=10 (full 1):
 PSYoungGen      total 152576K, used 150951K [0x00000000e1100000, 0x00000000eb280000, 0x0000000100000000)
  eden space 142848K, 98% used [0x00000000e1100000,0x00000000e9af1468,0x00000000e9c80000)
  from space 9728K, 99% used [0x00000000ea900000,0x00000000eb278b70,0x00000000eb280000)
  to   space 11264K, 0% used [0x00000000e9c80000,0x00000000e9c80000,0x00000000ea780000)
 ParOldGen       total 46592K, used 8387K [0x00000000a3200000, 0x00000000a5f80000, 0x00000000e1100000)
  object space 46592K, 18% used [0x00000000a3200000,0x00000000a3a30e78,0x00000000a5f80000)
 Metaspace       used 33300K, capacity 34930K, committed 35200K, reserved 1079296K
  class space    used 4399K, capacity 4695K, committed 4736K, reserved 1048576K
Event: 18.380 GC heap after
Heap after GC invocations=10 (full 1):
 PSYoungGen      total 154112K, used 9414K [0x00000000e1100000, 0x00000000ee780000, 0x0000000100000000)
  eden space 142848K, 0% used [0x00000000e1100000,0x00000000e1100000,0x00000000e9c80000)
  from space 11264K, 83% used [0x00000000e9c80000,0x00000000ea5b1ac0,0x00000000ea780000)
  to   space 12288K, 0% used [0x00000000edb80000,0x00000000edb80000,0x00000000ee780000)
 ParOldGen       total 46592K, used 32432K [0x00000000a3200000, 0x00000000a5f80000, 0x00000000e1100000)
  object space 46592K, 69% used [0x00000000a3200000,0x00000000a51ac168,0x00000000a5f80000)
 Metaspace       used 33300K, capacity 34930K, committed 35200K, reserved 1079296K
  class space    used 4399K, capacity 4695K, committed 4736K, reserved 1048576K
}

